PHASE1: DEPENDENCY MATCH
- Loading Pattern Dictionary
[[0, 2, [1], []], [0, 2, [3, 1], []], [0, 2, [3, 1], []], [0, 1, [2], []], [0, 1, [2], []], [0, 1, [2], []], [0, 1, [2], []], [0, 1, [2], []], [0, 1, [2], []], [0, 1, [2], []], [0, 1, [2], []], [0, 1, [2], []], [0, 1, [2], []], [0, 1, [2], []], [0, 1, [2], []], [0, 1, [2], []], [0, 1, [2], []], [0, 1, [2], []], [0, 1, [2], []], [0, 1, [2], []], [0, 1, [2], []], [0, 1, [2], []], [0, 1, [2], []], [0, 1, [2], []], [0, 1, [2], []], [0, 1, [2, 3], []], [0, 1, [2, 3], []], [0, 1, [2, 3], []], [0, 1, [2, 3], []], [0, 1, [2, 3], []], [0, 1, [2, 3], []], [0, 1, [2, 3], []], [0, 1, [2, 3], []], [0, 1, [2, 3], []], [0, 1, [2, 3], []], [0, 1, [2, 3], []], [0, 1, [2, 3], []], [0, 1, [2, 3], []], [0, 1, [2, 3], []], [0, 1, [2, 3], []], [0, 2, [1, 3], []], [0, 2, [1, 3], []], [0, 1, [2, 3], []], [0, 1, [2, 3], []], [0, 1, [2, 3], []], [0, 1, [2, 3, 4], []], [0, 1, [2, 3, 4], []], [0, 1, [2, 3, 4], []], [0, 1, [2, 3, 4], []], [0, 1, [2, 3, 4], []], [0, 1, [2, 3, 4], []], [0, 1, [2, 3, 4], []], [0, 2, [3, 1, 4], []], [0, 1, [3, 4, 2], []], [0, 2, [3, 4, 1, 5], []], [0, 2, [3, 4, 1, 5], []], [0, 2, [3, 4, 1, 5], []], [0, 3, [2, 4, 1, 5], []], [0, 4, [2, 3, 5, 1, 6], []], [0, 5, [3, 2, 4, 6, 1, 7], []], [0, 1, [], []], [None, None, [], []], [0, None, [], []], [None, 1, [], []], [0, 1, [3, 2], [4]], [0, 1, [3, 2], [4]], [0, 1, [3, 2], [4]], [0, 1, [2], [3]], [0, 1, [2, 3], []], [0, 1, [2], [3]]]
- Start Dependency Match
1
[(4, [['went', 'ate', 'after']], [[1, 7, 5]])]
not ambiguous
3
[(5, [['came', 'was', 'before']], [[1, 5, 3]]), (13, [['eating', 'was', 'as']], [[11, 15, 13]]), (20, [['came', 'eating', 'while']], [[1, 11, 8]])]
not ambiguous
ambiguous
[He, came, here, before, it, was, noon, ,, while, I, was, eating, lunch, as, I, was, hungry, .]
[eating, was, [as]]
[11, 15, [13]]
mat < sub
ambiguous
[He, came, here, before, it, was, noon, ,, while, I, was, eating, lunch, as, I, was, hungry, .]
[came, eating, [while]]
[1, 11, [8]]
mat < sub
1
[(13, [['believed', 'seemed', 'As']], [[8, 3, 0]])]
ambiguous
[As, the, boy, seemed, reliable, ,, the, girl, believed, him, .]
[believed, seemed, [As]]
[8, 3, [0]]
sub < mat
('the boy seemed reliable', 'the girl believed him', 'as')
[<__main__.DepMatch object at 0x7f6be95deb10>, <__main__.DepMatch object at 0x7f6c39edef10>, <__main__.DepMatch object at 0x7f6be95da2d0>]
PHASE2: SEMANTIC DISAMBIGUATION
[<__main__.DepMatch object at 0x7f6be95deb10>, <__main__.DepMatch object at 0x7f6c39edef10>, <__main__.DepMatch object at 0x7f6be95da2d0>]
- Loading /home/cl/yuki-yama/work/phd/v1/scripts/demo/model.pth
[]
[]
[]
- Writing Out Results to demo/out.skele
